<?xml version="1.0" encoding="UTF-8"?>
<testng-results skipped="0" failed="0" ignored="0" total="1" passed="1">
  <reporter-output>
  </reporter-output>
  <suite name="Default suite" duration-ms="46890" started-at="2018-04-25T11:15:38Z" finished-at="2018-04-25T11:16:25Z">
    <groups>
    </groups>
    <test name="Default test" duration-ms="46890" started-at="2018-04-25T11:15:38Z" finished-at="2018-04-25T11:16:25Z">
      <class name="org.sample.tests.DemoTest">
        <test-method status="PASS" signature="testA()[pri:0, instance:org.sample.tests.DemoTest@47c62251]" name="testA" duration-ms="46830" started-at="2018-04-25T11:15:38Z" finished-at="2018-04-25T11:16:25Z">
          <reporter-output>
          </reporter-output>
        </test-method> <!-- testA -->
      </class> <!-- org.sample.tests.DemoTest -->
    </test> <!-- Default test -->
  </suite> <!-- Default suite -->
</testng-results>
